# GEOMETRY:   SPHERICAL
3
1     0.125640E+00   0.134946E+00
2     0.134946E+00   0.144253E+00
3     0.144253E+00   0.153560E+00
 142
1    -0.376616E-01   0.000000E+00
2     0.000000E+00   0.376616E-01
3     0.376616E-01   0.750103E-01
4     0.750103E-01   0.111826E+00
5     0.111826E+00   0.148005E+00
6     0.148005E+00   0.183521E+00
7     0.183521E+00   0.218380E+00
8     0.218380E+00   0.252592E+00
9     0.252592E+00   0.286169E+00
10    0.286169E+00   0.319124E+00
11    0.319124E+00   0.351467E+00
12    0.351467E+00   0.383210E+00
13    0.383210E+00   0.414365E+00
14    0.414365E+00   0.444942E+00
15    0.444942E+00   0.474952E+00
16    0.474952E+00   0.504405E+00
17    0.504405E+00   0.533312E+00
18    0.533312E+00   0.561683E+00
19    0.561683E+00   0.589527E+00
20    0.589527E+00   0.616856E+00
21    0.616856E+00   0.643677E+00
22    0.643677E+00   0.670001E+00
23    0.670001E+00   0.695836E+00
24    0.695836E+00   0.721193E+00
25    0.721193E+00   0.746079E+00
26    0.746079E+00   0.770504E+00
27    0.770504E+00   0.794475E+00
28    0.794475E+00   0.818002E+00
29    0.818002E+00   0.841093E+00
30    0.841093E+00   0.863755E+00
31    0.863755E+00   0.885997E+00
32    0.885997E+00   0.907827E+00
33    0.907827E+00   0.929251E+00
34    0.929251E+00   0.950279E+00
35    0.950279E+00   0.970916E+00
36    0.970916E+00   0.991171E+00
37    0.991171E+00   0.101105E+01
38    0.101105E+01   0.103056E+01
39    0.103056E+01   0.104971E+01
40    0.104971E+01   0.106850E+01
41    0.106850E+01   0.108695E+01
42    0.108695E+01   0.110505E+01
43    0.110505E+01   0.112282E+01
44    0.112282E+01   0.114025E+01
45    0.114025E+01   0.115737E+01
46    0.115737E+01   0.117416E+01
47    0.117416E+01   0.119065E+01
48    0.119065E+01   0.120684E+01
49    0.120684E+01   0.122277E+01
50    0.122277E+01   0.123848E+01
51    0.123848E+01   0.125405E+01
52    0.125405E+01   0.126954E+01
53    0.126954E+01   0.128500E+01
54    0.128500E+01   0.130045E+01
55    0.130045E+01   0.131589E+01
56    0.131589E+01   0.133134E+01
57    0.133134E+01   0.134679E+01
58    0.134679E+01   0.136224E+01
59    0.136224E+01   0.137769E+01
60    0.137769E+01   0.139314E+01
61    0.139314E+01   0.140859E+01
62    0.140859E+01   0.142403E+01
63    0.142403E+01   0.143948E+01
64    0.143948E+01   0.145493E+01
65    0.145493E+01   0.147038E+01
66    0.147038E+01   0.148583E+01
67    0.148583E+01   0.150128E+01
68    0.150128E+01   0.151673E+01
69    0.151673E+01   0.153217E+01
70    0.153217E+01   0.154762E+01
71    0.154762E+01   0.156307E+01
72    0.156307E+01   0.157852E+01
73    0.157852E+01   0.159397E+01
74    0.159397E+01   0.160942E+01
75    0.160942E+01   0.162487E+01
76    0.162487E+01   0.164031E+01
77    0.164031E+01   0.165576E+01
78    0.165576E+01   0.167121E+01
79    0.167121E+01   0.168666E+01
80    0.168666E+01   0.170211E+01
81    0.170211E+01   0.171756E+01
82    0.171756E+01   0.173301E+01
83    0.173301E+01   0.174845E+01
84    0.174845E+01   0.176390E+01
85    0.176390E+01   0.177935E+01
86    0.177935E+01   0.179480E+01
87    0.179480E+01   0.181025E+01
88    0.181025E+01   0.182570E+01
89    0.182570E+01   0.184115E+01
90    0.184115E+01   0.185660E+01
91    0.185660E+01   0.187206E+01
92    0.187206E+01   0.188755E+01
93    0.188755E+01   0.190311E+01
94    0.190311E+01   0.191883E+01
95    0.191883E+01   0.193475E+01
96    0.193475E+01   0.195094E+01
97    0.195094E+01   0.196743E+01
98    0.196743E+01   0.198423E+01
99    0.198423E+01   0.200134E+01
100   0.200134E+01   0.201878E+01
101   0.201878E+01   0.203654E+01
102   0.203654E+01   0.205465E+01
103   0.205465E+01   0.207309E+01
104   0.207309E+01   0.209188E+01
105   0.209188E+01   0.211103E+01
106   0.211103E+01   0.213054E+01
107   0.213054E+01   0.215042E+01
108   0.215042E+01   0.217068E+01
109   0.217068E+01   0.219131E+01
110   0.219131E+01   0.221234E+01
111   0.221234E+01   0.223377E+01
112   0.223377E+01   0.225560E+01
113   0.225560E+01   0.227784E+01
114   0.227784E+01   0.230050E+01
115   0.230050E+01   0.232359E+01
116   0.232359E+01   0.234712E+01
117   0.234712E+01   0.237109E+01
118   0.237109E+01   0.239551E+01
119   0.239551E+01   0.242040E+01
120   0.242040E+01   0.244576E+01
121   0.244576E+01   0.247159E+01
122   0.247159E+01   0.249792E+01
123   0.249792E+01   0.252474E+01
124   0.252474E+01   0.255207E+01
125   0.255207E+01   0.257991E+01
126   0.257991E+01   0.260828E+01
127   0.260828E+01   0.263719E+01
128   0.263719E+01   0.266664E+01
129   0.266664E+01   0.269665E+01
130   0.269665E+01   0.272723E+01
131   0.272723E+01   0.275838E+01
132   0.275838E+01   0.279013E+01
133   0.279013E+01   0.282247E+01
134   0.282247E+01   0.285542E+01
135   0.285542E+01   0.288900E+01
136   0.288900E+01   0.292321E+01
137   0.292321E+01   0.295807E+01
138   0.295807E+01   0.299359E+01
139   0.299359E+01   0.302977E+01
140   0.302977E+01   0.306658E+01
141   0.306658E+01   0.310393E+01
142   0.310393E+01   0.314159E+01
 299
1    -0.210845E-01   0.000000E+00
2     0.000000E+00   0.210845E-01
3     0.210845E-01   0.421690E-01
4     0.421690E-01   0.632535E-01
5     0.632535E-01   0.843381E-01
6     0.843381E-01   0.105423E+00
7     0.105423E+00   0.126507E+00
8     0.126507E+00   0.147592E+00
9     0.147592E+00   0.168676E+00
10    0.168676E+00   0.189761E+00
11    0.189761E+00   0.210845E+00
12    0.210845E+00   0.231930E+00
13    0.231930E+00   0.253014E+00
14    0.253014E+00   0.274099E+00
15    0.274099E+00   0.295183E+00
16    0.295183E+00   0.316268E+00
17    0.316268E+00   0.337352E+00
18    0.337352E+00   0.358437E+00
19    0.358437E+00   0.379521E+00
20    0.379521E+00   0.400606E+00
21    0.400606E+00   0.421690E+00
22    0.421690E+00   0.442775E+00
23    0.442775E+00   0.463859E+00
24    0.463859E+00   0.484944E+00
25    0.484944E+00   0.506028E+00
26    0.506028E+00   0.527113E+00
27    0.527113E+00   0.548197E+00
28    0.548197E+00   0.569282E+00
29    0.569282E+00   0.590366E+00
30    0.590366E+00   0.611451E+00
31    0.611451E+00   0.632535E+00
32    0.632535E+00   0.653620E+00
33    0.653620E+00   0.674704E+00
34    0.674704E+00   0.695789E+00
35    0.695789E+00   0.716873E+00
36    0.716873E+00   0.737958E+00
37    0.737958E+00   0.759043E+00
38    0.759043E+00   0.780127E+00
39    0.780127E+00   0.801212E+00
40    0.801212E+00   0.822296E+00
41    0.822296E+00   0.843381E+00
42    0.843381E+00   0.864465E+00
43    0.864465E+00   0.885550E+00
44    0.885550E+00   0.906634E+00
45    0.906634E+00   0.927719E+00
46    0.927719E+00   0.948803E+00
47    0.948803E+00   0.969888E+00
48    0.969888E+00   0.990972E+00
49    0.990972E+00   0.101206E+01
50    0.101206E+01   0.103314E+01
51    0.103314E+01   0.105423E+01
52    0.105423E+01   0.107531E+01
53    0.107531E+01   0.109639E+01
54    0.109639E+01   0.111748E+01
55    0.111748E+01   0.113856E+01
56    0.113856E+01   0.115965E+01
57    0.115965E+01   0.118073E+01
58    0.118073E+01   0.120182E+01
59    0.120182E+01   0.122290E+01
60    0.122290E+01   0.124399E+01
61    0.124399E+01   0.126507E+01
62    0.126507E+01   0.128616E+01
63    0.128616E+01   0.130724E+01
64    0.130724E+01   0.132832E+01
65    0.132832E+01   0.134941E+01
66    0.134941E+01   0.137049E+01
67    0.137049E+01   0.139158E+01
68    0.139158E+01   0.141266E+01
69    0.141266E+01   0.143375E+01
70    0.143375E+01   0.145483E+01
71    0.145483E+01   0.147592E+01
72    0.147592E+01   0.149700E+01
73    0.149700E+01   0.151809E+01
74    0.151809E+01   0.153917E+01
75    0.153917E+01   0.156025E+01
76    0.156025E+01   0.158134E+01
77    0.158134E+01   0.160242E+01
78    0.160242E+01   0.162351E+01
79    0.162351E+01   0.164459E+01
80    0.164459E+01   0.166568E+01
81    0.166568E+01   0.168676E+01
82    0.168676E+01   0.170785E+01
83    0.170785E+01   0.172893E+01
84    0.172893E+01   0.175001E+01
85    0.175001E+01   0.177110E+01
86    0.177110E+01   0.179218E+01
87    0.179218E+01   0.181327E+01
88    0.181327E+01   0.183435E+01
89    0.183435E+01   0.185544E+01
90    0.185544E+01   0.187652E+01
91    0.187652E+01   0.189761E+01
92    0.189761E+01   0.191869E+01
93    0.191869E+01   0.193978E+01
94    0.193978E+01   0.196086E+01
95    0.196086E+01   0.198194E+01
96    0.198194E+01   0.200303E+01
97    0.200303E+01   0.202411E+01
98    0.202411E+01   0.204520E+01
99    0.204520E+01   0.206628E+01
100   0.206628E+01   0.208737E+01
101   0.208737E+01   0.210845E+01
102   0.210845E+01   0.212954E+01
103   0.212954E+01   0.215062E+01
104   0.215062E+01   0.217171E+01
105   0.217171E+01   0.219279E+01
106   0.219279E+01   0.221387E+01
107   0.221387E+01   0.223496E+01
108   0.223496E+01   0.225604E+01
109   0.225604E+01   0.227713E+01
110   0.227713E+01   0.229821E+01
111   0.229821E+01   0.231930E+01
112   0.231930E+01   0.234038E+01
113   0.234038E+01   0.236147E+01
114   0.236147E+01   0.238255E+01
115   0.238255E+01   0.240363E+01
116   0.240363E+01   0.242472E+01
117   0.242472E+01   0.244580E+01
118   0.244580E+01   0.246689E+01
119   0.246689E+01   0.248797E+01
120   0.248797E+01   0.250906E+01
121   0.250906E+01   0.253014E+01
122   0.253014E+01   0.255123E+01
123   0.255123E+01   0.257231E+01
124   0.257231E+01   0.259340E+01
125   0.259340E+01   0.261448E+01
126   0.261448E+01   0.263556E+01
127   0.263556E+01   0.265665E+01
128   0.265665E+01   0.267773E+01
129   0.267773E+01   0.269882E+01
130   0.269882E+01   0.271990E+01
131   0.271990E+01   0.274099E+01
132   0.274099E+01   0.276207E+01
133   0.276207E+01   0.278316E+01
134   0.278316E+01   0.280424E+01
135   0.280424E+01   0.282533E+01
136   0.282533E+01   0.284641E+01
137   0.284641E+01   0.286749E+01
138   0.286749E+01   0.288858E+01
139   0.288858E+01   0.290966E+01
140   0.290966E+01   0.293075E+01
141   0.293075E+01   0.295183E+01
142   0.295183E+01   0.297292E+01
143   0.297292E+01   0.299400E+01
144   0.299400E+01   0.301509E+01
145   0.301509E+01   0.303617E+01
146   0.303617E+01   0.305725E+01
147   0.305725E+01   0.307834E+01
148   0.307834E+01   0.309942E+01
149   0.309942E+01   0.312051E+01
150   0.312051E+01   0.314159E+01
151   0.314159E+01   0.316268E+01
152   0.316268E+01   0.318376E+01
153   0.318376E+01   0.320485E+01
154   0.320485E+01   0.322593E+01
155   0.322593E+01   0.324702E+01
156   0.324702E+01   0.326810E+01
157   0.326810E+01   0.328918E+01
158   0.328918E+01   0.331027E+01
159   0.331027E+01   0.333135E+01
160   0.333135E+01   0.335244E+01
161   0.335244E+01   0.337352E+01
162   0.337352E+01   0.339461E+01
163   0.339461E+01   0.341569E+01
164   0.341569E+01   0.343678E+01
165   0.343678E+01   0.345786E+01
166   0.345786E+01   0.347894E+01
167   0.347894E+01   0.350003E+01
168   0.350003E+01   0.352111E+01
169   0.352111E+01   0.354220E+01
170   0.354220E+01   0.356328E+01
171   0.356328E+01   0.358437E+01
172   0.358437E+01   0.360545E+01
173   0.360545E+01   0.362654E+01
174   0.362654E+01   0.364762E+01
175   0.364762E+01   0.366871E+01
176   0.366871E+01   0.368979E+01
177   0.368979E+01   0.371087E+01
178   0.371087E+01   0.373196E+01
179   0.373196E+01   0.375304E+01
180   0.375304E+01   0.377413E+01
181   0.377413E+01   0.379521E+01
182   0.379521E+01   0.381630E+01
183   0.381630E+01   0.383738E+01
184   0.383738E+01   0.385847E+01
185   0.385847E+01   0.387955E+01
186   0.387955E+01   0.390064E+01
187   0.390064E+01   0.392172E+01
188   0.392172E+01   0.394280E+01
189   0.394280E+01   0.396389E+01
190   0.396389E+01   0.398497E+01
191   0.398497E+01   0.400606E+01
192   0.400606E+01   0.402714E+01
193   0.402714E+01   0.404823E+01
194   0.404823E+01   0.406931E+01
195   0.406931E+01   0.409040E+01
196   0.409040E+01   0.411148E+01
197   0.411148E+01   0.413257E+01
198   0.413257E+01   0.415365E+01
199   0.415365E+01   0.417473E+01
200   0.417473E+01   0.419582E+01
201   0.419582E+01   0.421690E+01
202   0.421690E+01   0.423799E+01
203   0.423799E+01   0.425907E+01
204   0.425907E+01   0.428016E+01
205   0.428016E+01   0.430124E+01
206   0.430124E+01   0.432233E+01
207   0.432233E+01   0.434341E+01
208   0.434341E+01   0.436449E+01
209   0.436449E+01   0.438558E+01
210   0.438558E+01   0.440666E+01
211   0.440666E+01   0.442775E+01
212   0.442775E+01   0.444883E+01
213   0.444883E+01   0.446992E+01
214   0.446992E+01   0.449100E+01
215   0.449100E+01   0.451209E+01
216   0.451209E+01   0.453317E+01
217   0.453317E+01   0.455426E+01
218   0.455426E+01   0.457534E+01
219   0.457534E+01   0.459642E+01
220   0.459642E+01   0.461751E+01
221   0.461751E+01   0.463859E+01
222   0.463859E+01   0.465968E+01
223   0.465968E+01   0.468076E+01
224   0.468076E+01   0.470185E+01
225   0.470185E+01   0.472293E+01
226   0.472293E+01   0.474402E+01
227   0.474402E+01   0.476510E+01
228   0.476510E+01   0.478618E+01
229   0.478618E+01   0.480727E+01
230   0.480727E+01   0.482835E+01
231   0.482835E+01   0.484944E+01
232   0.484944E+01   0.487052E+01
233   0.487052E+01   0.489161E+01
234   0.489161E+01   0.491269E+01
235   0.491269E+01   0.493378E+01
236   0.493378E+01   0.495486E+01
237   0.495486E+01   0.497595E+01
238   0.497595E+01   0.499703E+01
239   0.499703E+01   0.501811E+01
240   0.501811E+01   0.503920E+01
241   0.503920E+01   0.506028E+01
242   0.506028E+01   0.508137E+01
243   0.508137E+01   0.510245E+01
244   0.510245E+01   0.512354E+01
245   0.512354E+01   0.514462E+01
246   0.514462E+01   0.516571E+01
247   0.516571E+01   0.518679E+01
248   0.518679E+01   0.520788E+01
249   0.520788E+01   0.522896E+01
250   0.522896E+01   0.525004E+01
251   0.525004E+01   0.527113E+01
252   0.527113E+01   0.529221E+01
253   0.529221E+01   0.531330E+01
254   0.531330E+01   0.533438E+01
255   0.533438E+01   0.535547E+01
256   0.535547E+01   0.537655E+01
257   0.537655E+01   0.539764E+01
258   0.539764E+01   0.541872E+01
259   0.541872E+01   0.543980E+01
260   0.543980E+01   0.546089E+01
261   0.546089E+01   0.548197E+01
262   0.548197E+01   0.550306E+01
263   0.550306E+01   0.552414E+01
264   0.552414E+01   0.554523E+01
265   0.554523E+01   0.556631E+01
266   0.556631E+01   0.558740E+01
267   0.558740E+01   0.560848E+01
268   0.560848E+01   0.562957E+01
269   0.562957E+01   0.565065E+01
270   0.565065E+01   0.567173E+01
271   0.567173E+01   0.569282E+01
272   0.569282E+01   0.571390E+01
273   0.571390E+01   0.573499E+01
274   0.573499E+01   0.575607E+01
275   0.575607E+01   0.577716E+01
276   0.577716E+01   0.579824E+01
277   0.579824E+01   0.581933E+01
278   0.581933E+01   0.584041E+01
279   0.584041E+01   0.586150E+01
280   0.586150E+01   0.588258E+01
281   0.588258E+01   0.590366E+01
282   0.590366E+01   0.592475E+01
283   0.592475E+01   0.594583E+01
284   0.594583E+01   0.596692E+01
285   0.596692E+01   0.598800E+01
286   0.598800E+01   0.600909E+01
287   0.600909E+01   0.603017E+01
288   0.603017E+01   0.605126E+01
289   0.605126E+01   0.607234E+01
290   0.607234E+01   0.609342E+01
291   0.609342E+01   0.611451E+01
292   0.611451E+01   0.613559E+01
293   0.613559E+01   0.615668E+01
294   0.615668E+01   0.617776E+01
295   0.617776E+01   0.619885E+01
296   0.619885E+01   0.621993E+01
297   0.621993E+01   0.624102E+01
298   0.624102E+01   0.626210E+01
299   0.626210E+01   0.628319E+01
