# GEOMETRY:   SPHERICAL
3
1     0.125640E+00   0.134946E+00
2     0.134946E+00   0.144253E+00
3     0.144253E+00   0.153560E+00
 180
1    -0.175508E-01   0.000000E+00
2     0.000000E+00   0.175508E-01
3     0.175508E-01   0.351016E-01
4     0.351016E-01   0.526524E-01
5     0.526524E-01   0.702032E-01
6     0.702032E-01   0.877540E-01
7     0.877540E-01   0.105305E+00
8     0.105305E+00   0.122856E+00
9     0.122856E+00   0.140406E+00
10    0.140406E+00   0.157957E+00
11    0.157957E+00   0.175508E+00
12    0.175508E+00   0.193059E+00
13    0.193059E+00   0.210610E+00
14    0.210610E+00   0.228160E+00
15    0.228160E+00   0.245711E+00
16    0.245711E+00   0.263262E+00
17    0.263262E+00   0.280813E+00
18    0.280813E+00   0.298364E+00
19    0.298364E+00   0.315914E+00
20    0.315914E+00   0.333465E+00
21    0.333465E+00   0.351016E+00
22    0.351016E+00   0.368567E+00
23    0.368567E+00   0.386118E+00
24    0.386118E+00   0.403668E+00
25    0.403668E+00   0.421219E+00
26    0.421219E+00   0.438770E+00
27    0.438770E+00   0.456321E+00
28    0.456321E+00   0.473872E+00
29    0.473872E+00   0.491422E+00
30    0.491422E+00   0.508973E+00
31    0.508973E+00   0.526524E+00
32    0.526524E+00   0.544075E+00
33    0.544075E+00   0.561626E+00
34    0.561626E+00   0.579176E+00
35    0.579176E+00   0.596727E+00
36    0.596727E+00   0.614278E+00
37    0.614278E+00   0.631829E+00
38    0.631829E+00   0.649380E+00
39    0.649380E+00   0.666930E+00
40    0.666930E+00   0.684481E+00
41    0.684481E+00   0.702032E+00
42    0.702032E+00   0.719583E+00
43    0.719583E+00   0.737134E+00
44    0.737134E+00   0.754684E+00
45    0.754684E+00   0.772235E+00
46    0.772235E+00   0.789786E+00
47    0.789786E+00   0.807337E+00
48    0.807337E+00   0.824888E+00
49    0.824888E+00   0.842438E+00
50    0.842438E+00   0.859989E+00
51    0.859989E+00   0.877540E+00
52    0.877540E+00   0.895091E+00
53    0.895091E+00   0.912642E+00
54    0.912642E+00   0.930192E+00
55    0.930192E+00   0.947743E+00
56    0.947743E+00   0.965294E+00
57    0.965294E+00   0.982845E+00
58    0.982845E+00   0.100040E+01
59    0.100040E+01   0.101795E+01
60    0.101795E+01   0.103550E+01
61    0.103550E+01   0.105305E+01
62    0.105305E+01   0.107060E+01
63    0.107060E+01   0.108815E+01
64    0.108815E+01   0.110570E+01
65    0.110570E+01   0.112325E+01
66    0.112325E+01   0.114080E+01
67    0.114080E+01   0.115835E+01
68    0.115835E+01   0.117590E+01
69    0.117590E+01   0.119345E+01
70    0.119345E+01   0.121101E+01
71    0.121101E+01   0.122856E+01
72    0.122856E+01   0.124611E+01
73    0.124611E+01   0.126366E+01
74    0.126366E+01   0.128121E+01
75    0.128121E+01   0.129876E+01
76    0.129876E+01   0.131631E+01
77    0.131631E+01   0.133386E+01
78    0.133386E+01   0.135141E+01
79    0.135141E+01   0.136896E+01
80    0.136896E+01   0.138651E+01
81    0.138651E+01   0.140406E+01
82    0.140406E+01   0.142161E+01
83    0.142161E+01   0.143917E+01
84    0.143917E+01   0.145672E+01
85    0.145672E+01   0.147427E+01
86    0.147427E+01   0.149182E+01
87    0.149182E+01   0.150937E+01
88    0.150937E+01   0.152692E+01
89    0.152692E+01   0.154447E+01
90    0.154447E+01   0.156202E+01
91    0.156202E+01   0.157957E+01
92    0.157957E+01   0.159712E+01
93    0.159712E+01   0.161467E+01
94    0.161467E+01   0.163222E+01
95    0.163222E+01   0.164978E+01
96    0.164978E+01   0.166733E+01
97    0.166733E+01   0.168488E+01
98    0.168488E+01   0.170243E+01
99    0.170243E+01   0.171998E+01
100   0.171998E+01   0.173753E+01
101   0.173753E+01   0.175508E+01
102   0.175508E+01   0.177263E+01
103   0.177263E+01   0.179018E+01
104   0.179018E+01   0.180773E+01
105   0.180773E+01   0.182528E+01
106   0.182528E+01   0.184283E+01
107   0.184283E+01   0.186038E+01
108   0.186038E+01   0.187794E+01
109   0.187794E+01   0.189549E+01
110   0.189549E+01   0.191304E+01
111   0.191304E+01   0.193059E+01
112   0.193059E+01   0.194814E+01
113   0.194814E+01   0.196569E+01
114   0.196569E+01   0.198324E+01
115   0.198324E+01   0.200079E+01
116   0.200079E+01   0.201834E+01
117   0.201834E+01   0.203589E+01
118   0.203589E+01   0.205344E+01
119   0.205344E+01   0.207099E+01
120   0.207099E+01   0.208855E+01
121   0.208855E+01   0.210610E+01
122   0.210610E+01   0.212365E+01
123   0.212365E+01   0.214120E+01
124   0.214120E+01   0.215875E+01
125   0.215875E+01   0.217630E+01
126   0.217630E+01   0.219385E+01
127   0.219385E+01   0.221140E+01
128   0.221140E+01   0.222895E+01
129   0.222895E+01   0.224650E+01
130   0.224650E+01   0.226405E+01
131   0.226405E+01   0.228160E+01
132   0.228160E+01   0.229915E+01
133   0.229915E+01   0.231671E+01
134   0.231671E+01   0.233426E+01
135   0.233426E+01   0.235181E+01
136   0.235181E+01   0.236936E+01
137   0.236936E+01   0.238691E+01
138   0.238691E+01   0.240446E+01
139   0.240446E+01   0.242201E+01
140   0.242201E+01   0.243956E+01
141   0.243956E+01   0.245711E+01
142   0.245711E+01   0.247466E+01
143   0.247466E+01   0.249221E+01
144   0.249221E+01   0.250976E+01
145   0.250976E+01   0.252732E+01
146   0.252732E+01   0.254487E+01
147   0.254487E+01   0.256242E+01
148   0.256242E+01   0.257997E+01
149   0.257997E+01   0.259752E+01
150   0.259752E+01   0.261507E+01
151   0.261507E+01   0.263262E+01
152   0.263262E+01   0.265017E+01
153   0.265017E+01   0.266772E+01
154   0.266772E+01   0.268527E+01
155   0.268527E+01   0.270282E+01
156   0.270282E+01   0.272037E+01
157   0.272037E+01   0.273793E+01
158   0.273793E+01   0.275548E+01
159   0.275548E+01   0.277303E+01
160   0.277303E+01   0.279058E+01
161   0.279058E+01   0.280813E+01
162   0.280813E+01   0.282568E+01
163   0.282568E+01   0.284323E+01
164   0.284323E+01   0.286078E+01
165   0.286078E+01   0.287833E+01
166   0.287833E+01   0.289588E+01
167   0.289588E+01   0.291343E+01
168   0.291343E+01   0.293098E+01
169   0.293098E+01   0.294853E+01
170   0.294853E+01   0.296609E+01
171   0.296609E+01   0.298364E+01
172   0.298364E+01   0.300119E+01
173   0.300119E+01   0.301874E+01
174   0.301874E+01   0.303629E+01
175   0.303629E+01   0.305384E+01
176   0.305384E+01   0.307139E+01
177   0.307139E+01   0.308894E+01
178   0.308894E+01   0.310649E+01
179   0.310649E+01   0.312404E+01
180   0.312404E+01   0.314159E+01
 360
1    -0.175019E-01   0.000000E+00
2     0.000000E+00   0.175019E-01
3     0.175019E-01   0.350038E-01
4     0.350038E-01   0.525057E-01
5     0.525057E-01   0.700077E-01
6     0.700077E-01   0.875096E-01
7     0.875096E-01   0.105011E+00
8     0.105011E+00   0.122513E+00
9     0.122513E+00   0.140015E+00
10    0.140015E+00   0.157517E+00
11    0.157517E+00   0.175019E+00
12    0.175019E+00   0.192521E+00
13    0.192521E+00   0.210023E+00
14    0.210023E+00   0.227525E+00
15    0.227525E+00   0.245027E+00
16    0.245027E+00   0.262529E+00
17    0.262529E+00   0.280031E+00
18    0.280031E+00   0.297533E+00
19    0.297533E+00   0.315034E+00
20    0.315034E+00   0.332536E+00
21    0.332536E+00   0.350038E+00
22    0.350038E+00   0.367540E+00
23    0.367540E+00   0.385042E+00
24    0.385042E+00   0.402544E+00
25    0.402544E+00   0.420046E+00
26    0.420046E+00   0.437548E+00
27    0.437548E+00   0.455050E+00
28    0.455050E+00   0.472552E+00
29    0.472552E+00   0.490054E+00
30    0.490054E+00   0.507555E+00
31    0.507555E+00   0.525057E+00
32    0.525057E+00   0.542559E+00
33    0.542559E+00   0.560061E+00
34    0.560061E+00   0.577563E+00
35    0.577563E+00   0.595065E+00
36    0.595065E+00   0.612567E+00
37    0.612567E+00   0.630069E+00
38    0.630069E+00   0.647571E+00
39    0.647571E+00   0.665073E+00
40    0.665073E+00   0.682575E+00
41    0.682575E+00   0.700077E+00
42    0.700077E+00   0.717578E+00
43    0.717578E+00   0.735080E+00
44    0.735080E+00   0.752582E+00
45    0.752582E+00   0.770084E+00
46    0.770084E+00   0.787586E+00
47    0.787586E+00   0.805088E+00
48    0.805088E+00   0.822590E+00
49    0.822590E+00   0.840092E+00
50    0.840092E+00   0.857594E+00
51    0.857594E+00   0.875096E+00
52    0.875096E+00   0.892598E+00
53    0.892598E+00   0.910099E+00
54    0.910099E+00   0.927601E+00
55    0.927601E+00   0.945103E+00
56    0.945103E+00   0.962605E+00
57    0.962605E+00   0.980107E+00
58    0.980107E+00   0.997609E+00
59    0.997609E+00   0.101511E+01
60    0.101511E+01   0.103261E+01
61    0.103261E+01   0.105011E+01
62    0.105011E+01   0.106762E+01
63    0.106762E+01   0.108512E+01
64    0.108512E+01   0.110262E+01
65    0.110262E+01   0.112012E+01
66    0.112012E+01   0.113762E+01
67    0.113762E+01   0.115513E+01
68    0.115513E+01   0.117263E+01
69    0.117263E+01   0.119013E+01
70    0.119013E+01   0.120763E+01
71    0.120763E+01   0.122513E+01
72    0.122513E+01   0.124264E+01
73    0.124264E+01   0.126014E+01
74    0.126014E+01   0.127764E+01
75    0.127764E+01   0.129514E+01
76    0.129514E+01   0.131264E+01
77    0.131264E+01   0.133015E+01
78    0.133015E+01   0.134765E+01
79    0.134765E+01   0.136515E+01
80    0.136515E+01   0.138265E+01
81    0.138265E+01   0.140015E+01
82    0.140015E+01   0.141765E+01
83    0.141765E+01   0.143516E+01
84    0.143516E+01   0.145266E+01
85    0.145266E+01   0.147016E+01
86    0.147016E+01   0.148766E+01
87    0.148766E+01   0.150516E+01
88    0.150516E+01   0.152267E+01
89    0.152267E+01   0.154017E+01
90    0.154017E+01   0.155767E+01
91    0.155767E+01   0.157517E+01
92    0.157517E+01   0.159267E+01
93    0.159267E+01   0.161018E+01
94    0.161018E+01   0.162768E+01
95    0.162768E+01   0.164518E+01
96    0.164518E+01   0.166268E+01
97    0.166268E+01   0.168018E+01
98    0.168018E+01   0.169769E+01
99    0.169769E+01   0.171519E+01
100   0.171519E+01   0.173269E+01
101   0.173269E+01   0.175019E+01
102   0.175019E+01   0.176769E+01
103   0.176769E+01   0.178520E+01
104   0.178520E+01   0.180270E+01
105   0.180270E+01   0.182020E+01
106   0.182020E+01   0.183770E+01
107   0.183770E+01   0.185520E+01
108   0.185520E+01   0.187270E+01
109   0.187270E+01   0.189021E+01
110   0.189021E+01   0.190771E+01
111   0.190771E+01   0.192521E+01
112   0.192521E+01   0.194271E+01
113   0.194271E+01   0.196021E+01
114   0.196021E+01   0.197772E+01
115   0.197772E+01   0.199522E+01
116   0.199522E+01   0.201272E+01
117   0.201272E+01   0.203022E+01
118   0.203022E+01   0.204772E+01
119   0.204772E+01   0.206523E+01
120   0.206523E+01   0.208273E+01
121   0.208273E+01   0.210023E+01
122   0.210023E+01   0.211773E+01
123   0.211773E+01   0.213523E+01
124   0.213523E+01   0.215274E+01
125   0.215274E+01   0.217024E+01
126   0.217024E+01   0.218774E+01
127   0.218774E+01   0.220524E+01
128   0.220524E+01   0.222274E+01
129   0.222274E+01   0.224024E+01
130   0.224024E+01   0.225775E+01
131   0.225775E+01   0.227525E+01
132   0.227525E+01   0.229275E+01
133   0.229275E+01   0.231025E+01
134   0.231025E+01   0.232775E+01
135   0.232775E+01   0.234526E+01
136   0.234526E+01   0.236276E+01
137   0.236276E+01   0.238026E+01
138   0.238026E+01   0.239776E+01
139   0.239776E+01   0.241526E+01
140   0.241526E+01   0.243277E+01
141   0.243277E+01   0.245027E+01
142   0.245027E+01   0.246777E+01
143   0.246777E+01   0.248527E+01
144   0.248527E+01   0.250277E+01
145   0.250277E+01   0.252028E+01
146   0.252028E+01   0.253778E+01
147   0.253778E+01   0.255528E+01
148   0.255528E+01   0.257278E+01
149   0.257278E+01   0.259028E+01
150   0.259028E+01   0.260778E+01
151   0.260778E+01   0.262529E+01
152   0.262529E+01   0.264279E+01
153   0.264279E+01   0.266029E+01
154   0.266029E+01   0.267779E+01
155   0.267779E+01   0.269529E+01
156   0.269529E+01   0.271280E+01
157   0.271280E+01   0.273030E+01
158   0.273030E+01   0.274780E+01
159   0.274780E+01   0.276530E+01
160   0.276530E+01   0.278280E+01
161   0.278280E+01   0.280031E+01
162   0.280031E+01   0.281781E+01
163   0.281781E+01   0.283531E+01
164   0.283531E+01   0.285281E+01
165   0.285281E+01   0.287031E+01
166   0.287031E+01   0.288782E+01
167   0.288782E+01   0.290532E+01
168   0.290532E+01   0.292282E+01
169   0.292282E+01   0.294032E+01
170   0.294032E+01   0.295782E+01
171   0.295782E+01   0.297533E+01
172   0.297533E+01   0.299283E+01
173   0.299283E+01   0.301033E+01
174   0.301033E+01   0.302783E+01
175   0.302783E+01   0.304533E+01
176   0.304533E+01   0.306283E+01
177   0.306283E+01   0.308034E+01
178   0.308034E+01   0.309784E+01
179   0.309784E+01   0.311534E+01
180   0.311534E+01   0.313284E+01
181   0.313284E+01   0.315034E+01
182   0.315034E+01   0.316785E+01
183   0.316785E+01   0.318535E+01
184   0.318535E+01   0.320285E+01
185   0.320285E+01   0.322035E+01
186   0.322035E+01   0.323785E+01
187   0.323785E+01   0.325536E+01
188   0.325536E+01   0.327286E+01
189   0.327286E+01   0.329036E+01
190   0.329036E+01   0.330786E+01
191   0.330786E+01   0.332536E+01
192   0.332536E+01   0.334287E+01
193   0.334287E+01   0.336037E+01
194   0.336037E+01   0.337787E+01
195   0.337787E+01   0.339537E+01
196   0.339537E+01   0.341287E+01
197   0.341287E+01   0.343037E+01
198   0.343037E+01   0.344788E+01
199   0.344788E+01   0.346538E+01
200   0.346538E+01   0.348288E+01
201   0.348288E+01   0.350038E+01
202   0.350038E+01   0.351788E+01
203   0.351788E+01   0.353539E+01
204   0.353539E+01   0.355289E+01
205   0.355289E+01   0.357039E+01
206   0.357039E+01   0.358789E+01
207   0.358789E+01   0.360539E+01
208   0.360539E+01   0.362290E+01
209   0.362290E+01   0.364040E+01
210   0.364040E+01   0.365790E+01
211   0.365790E+01   0.367540E+01
212   0.367540E+01   0.369290E+01
213   0.369290E+01   0.371041E+01
214   0.371041E+01   0.372791E+01
215   0.372791E+01   0.374541E+01
216   0.374541E+01   0.376291E+01
217   0.376291E+01   0.378041E+01
218   0.378041E+01   0.379792E+01
219   0.379792E+01   0.381542E+01
220   0.381542E+01   0.383292E+01
221   0.383292E+01   0.385042E+01
222   0.385042E+01   0.386792E+01
223   0.386792E+01   0.388542E+01
224   0.388542E+01   0.390293E+01
225   0.390293E+01   0.392043E+01
226   0.392043E+01   0.393793E+01
227   0.393793E+01   0.395543E+01
228   0.395543E+01   0.397293E+01
229   0.397293E+01   0.399044E+01
230   0.399044E+01   0.400794E+01
231   0.400794E+01   0.402544E+01
232   0.402544E+01   0.404294E+01
233   0.404294E+01   0.406044E+01
234   0.406044E+01   0.407795E+01
235   0.407795E+01   0.409545E+01
236   0.409545E+01   0.411295E+01
237   0.411295E+01   0.413045E+01
238   0.413045E+01   0.414795E+01
239   0.414795E+01   0.416546E+01
240   0.416546E+01   0.418296E+01
241   0.418296E+01   0.420046E+01
242   0.420046E+01   0.421796E+01
243   0.421796E+01   0.423546E+01
244   0.423546E+01   0.425296E+01
245   0.425296E+01   0.427047E+01
246   0.427047E+01   0.428797E+01
247   0.428797E+01   0.430547E+01
248   0.430547E+01   0.432297E+01
249   0.432297E+01   0.434047E+01
250   0.434047E+01   0.435798E+01
251   0.435798E+01   0.437548E+01
252   0.437548E+01   0.439298E+01
253   0.439298E+01   0.441048E+01
254   0.441048E+01   0.442798E+01
255   0.442798E+01   0.444549E+01
256   0.444549E+01   0.446299E+01
257   0.446299E+01   0.448049E+01
258   0.448049E+01   0.449799E+01
259   0.449799E+01   0.451549E+01
260   0.451549E+01   0.453300E+01
261   0.453300E+01   0.455050E+01
262   0.455050E+01   0.456800E+01
263   0.456800E+01   0.458550E+01
264   0.458550E+01   0.460300E+01
265   0.460300E+01   0.462050E+01
266   0.462050E+01   0.463801E+01
267   0.463801E+01   0.465551E+01
268   0.465551E+01   0.467301E+01
269   0.467301E+01   0.469051E+01
270   0.469051E+01   0.470801E+01
271   0.470801E+01   0.472552E+01
272   0.472552E+01   0.474302E+01
273   0.474302E+01   0.476052E+01
274   0.476052E+01   0.477802E+01
275   0.477802E+01   0.479552E+01
276   0.479552E+01   0.481303E+01
277   0.481303E+01   0.483053E+01
278   0.483053E+01   0.484803E+01
279   0.484803E+01   0.486553E+01
280   0.486553E+01   0.488303E+01
281   0.488303E+01   0.490054E+01
282   0.490054E+01   0.491804E+01
283   0.491804E+01   0.493554E+01
284   0.493554E+01   0.495304E+01
285   0.495304E+01   0.497054E+01
286   0.497054E+01   0.498805E+01
287   0.498805E+01   0.500555E+01
288   0.500555E+01   0.502305E+01
289   0.502305E+01   0.504055E+01
290   0.504055E+01   0.505805E+01
291   0.505805E+01   0.507555E+01
292   0.507555E+01   0.509306E+01
293   0.509306E+01   0.511056E+01
294   0.511056E+01   0.512806E+01
295   0.512806E+01   0.514556E+01
296   0.514556E+01   0.516306E+01
297   0.516306E+01   0.518057E+01
298   0.518057E+01   0.519807E+01
299   0.519807E+01   0.521557E+01
300   0.521557E+01   0.523307E+01
301   0.523307E+01   0.525057E+01
302   0.525057E+01   0.526808E+01
303   0.526808E+01   0.528558E+01
304   0.528558E+01   0.530308E+01
305   0.530308E+01   0.532058E+01
306   0.532058E+01   0.533808E+01
307   0.533808E+01   0.535559E+01
308   0.535559E+01   0.537309E+01
309   0.537309E+01   0.539059E+01
310   0.539059E+01   0.540809E+01
311   0.540809E+01   0.542559E+01
312   0.542559E+01   0.544309E+01
313   0.544309E+01   0.546060E+01
314   0.546060E+01   0.547810E+01
315   0.547810E+01   0.549560E+01
316   0.549560E+01   0.551310E+01
317   0.551310E+01   0.553060E+01
318   0.553060E+01   0.554811E+01
319   0.554811E+01   0.556561E+01
320   0.556561E+01   0.558311E+01
321   0.558311E+01   0.560061E+01
322   0.560061E+01   0.561811E+01
323   0.561811E+01   0.563562E+01
324   0.563562E+01   0.565312E+01
325   0.565312E+01   0.567062E+01
326   0.567062E+01   0.568812E+01
327   0.568812E+01   0.570562E+01
328   0.570562E+01   0.572313E+01
329   0.572313E+01   0.574063E+01
330   0.574063E+01   0.575813E+01
331   0.575813E+01   0.577563E+01
332   0.577563E+01   0.579313E+01
333   0.579313E+01   0.581064E+01
334   0.581064E+01   0.582814E+01
335   0.582814E+01   0.584564E+01
336   0.584564E+01   0.586314E+01
337   0.586314E+01   0.588064E+01
338   0.588064E+01   0.589814E+01
339   0.589814E+01   0.591565E+01
340   0.591565E+01   0.593315E+01
341   0.593315E+01   0.595065E+01
342   0.595065E+01   0.596815E+01
343   0.596815E+01   0.598565E+01
344   0.598565E+01   0.600316E+01
345   0.600316E+01   0.602066E+01
346   0.602066E+01   0.603816E+01
347   0.603816E+01   0.605566E+01
348   0.605566E+01   0.607316E+01
349   0.607316E+01   0.609067E+01
350   0.609067E+01   0.610817E+01
351   0.610817E+01   0.612567E+01
352   0.612567E+01   0.614317E+01
353   0.614317E+01   0.616067E+01
354   0.616067E+01   0.617818E+01
355   0.617818E+01   0.619568E+01
356   0.619568E+01   0.621318E+01
357   0.621318E+01   0.623068E+01
358   0.623068E+01   0.624818E+01
359   0.624818E+01   0.626568E+01
360   0.626568E+01   0.628319E+01
